[00:50:07] [Client thread/INFO]: Setting user: DefaultPlayer
[00:50:07] [Client thread/INFO]: (Session ID is token:null:null)
[00:50:09] [Client thread/INFO]: [OptiFine] *** Reflector Forge ***
[00:50:09] [Client thread/INFO]: [OptiFine] *** Reflector Vanilla ***
[00:50:09] [Client thread/INFO]: [OptiFine] (Reflector) Class not present: net.minecraftforge.fml.common.eventhandler.Event$Result
[00:50:09] [Client thread/INFO]: [OptiFine] (Reflector) Class not present: net.minecraft.launchwrapper.Launch
[00:50:09] [Client thread/INFO]: LWJGL Version: 2.9.4
[00:50:09] [Client thread/INFO]: [OptiFine] (Reflector) Class not present: optifine.OptiFineClassTransformer
[00:50:10] [Client thread/INFO]: [OptiFine] 
[00:50:10] [Client thread/INFO]: [OptiFine] OptiFine_1.8.9_HD_U_M5
[00:50:10] [Client thread/INFO]: [OptiFine] Build: null
[00:50:10] [Client thread/INFO]: [OptiFine] OS: Windows 8.1 (amd64) version 6.3
[00:50:10] [Client thread/INFO]: [OptiFine] Java: 1.8.0_51, Oracle Corporation
[00:50:10] [Client thread/INFO]: [OptiFine] VM: Java HotSpot(TM) 64-Bit Server VM (mixed mode), Oracle Corporation
[00:50:10] [Client thread/INFO]: [OptiFine] LWJGL: 2.9.4
[00:50:10] [Client thread/INFO]: [OptiFine] OpenGL: NVIDIA GeForce GT 1030/PCIe/SSE2, version 4.6.0 NVIDIA 527.56, NVIDIA Corporation
[00:50:10] [Client thread/INFO]: [OptiFine] OpenGL Version: 4.6.0
[00:50:10] [Client thread/INFO]: [OptiFine] Maximum texture size: 32768x32768
[00:50:10] [Client thread/INFO]: [Shaders] OpenGL Version: 4.6.0 NVIDIA 527.56
[00:50:10] [Client thread/INFO]: [Shaders] Vendor:  NVIDIA Corporation
[00:50:10] [Client thread/INFO]: [Shaders] Renderer: NVIDIA GeForce GT 1030/PCIe/SSE2
[00:50:10] [Client thread/INFO]: [Shaders] Capabilities:  2.0  2.1  3.0  3.2  4.0 
[00:50:10] [Client thread/INFO]: [Shaders] GL_MAX_DRAW_BUFFERS: 8
[00:50:10] [Client thread/INFO]: [Shaders] GL_MAX_COLOR_ATTACHMENTS_EXT: 8
[00:50:10] [Client thread/INFO]: [Shaders] GL_MAX_TEXTURE_IMAGE_UNITS: 32
[00:50:10] [Client thread/INFO]: [Shaders] Load shaders configuration.
[00:50:10] [Client thread/INFO]: [Shaders] Save shaders configuration.
[00:50:10] [Client thread/INFO]: [Shaders] Shaders can not be loaded, Fast Render is enabled.
[00:50:10] [Client thread/INFO]: [Shaders] No shaderpack loaded.
[00:50:10] [Client thread/INFO]: [OptiFine] (Reflector) Class not present: net.minecraftforge.fml.common.Loader
[00:50:10] [Client thread/INFO]: Reloading ResourceManager: Default
[00:50:10] [Client thread/INFO]: [OptiFine] *** Reloading textures ***
[00:50:10] [Client thread/INFO]: [OptiFine] Resource packs: Default
[00:50:10] [Client thread/INFO]: [OptiFine] (Reflector) Class not present: net.minecraftforge.fml.client.SplashProgress
[00:50:10] [Client thread/INFO]: [OptiFine] (Reflector) Class not present: net.minecraftforge.client.model.Attributes
[00:50:10] [Client thread/INFO]: [OptiFine] (Reflector) Method not present: net.minecraft.client.renderer.vertex.VertexFormatElement$EnumUsage.preDraw
[00:50:10] [Client thread/INFO]: [OptiFine] (Reflector) Method not present: net.minecraft.client.renderer.vertex.VertexFormatElement$EnumUsage.postDraw
[00:50:10] [Client thread/ERROR]: Couldn't initialize twitch stream
[00:50:10] [Sound Library Loader/INFO]: Starting up SoundSystem...
[00:50:10] [Thread-4/INFO]: Initializing LWJGL OpenAL
[00:50:10] [Thread-4/INFO]: (The LWJGL binding of OpenAL.  For more information, see http://www.lwjgl.org)
[00:50:11] [Thread-4/INFO]: OpenAL initialized.
[00:50:11] [Client thread/INFO]: [OptiFine] (Reflector) Class not present: net.minecraftforge.client.ForgeHooksClient
[00:50:11] [Sound Library Loader/INFO]: Sound engine started
[00:50:11] [Client thread/INFO]: [OptiFine] Mipmap levels: 4
[00:50:11] [Client thread/INFO]: [OptiFine] Multitexture: false
[00:50:11] [Client thread/INFO]: [OptiFine] ConnectedTextures: mcpatcher/ctm/default/0_glass_white/glass_pane_white.properties
[00:50:11] [Client thread/INFO]: [OptiFine] ConnectedTextures: mcpatcher/ctm/default/0_glass_white/glass_white.properties
[00:50:11] [Client thread/INFO]: [OptiFine] ConnectedTextures: mcpatcher/ctm/default/10_glass_purple/glass_pane_purple.properties
[00:50:11] [Client thread/INFO]: [OptiFine] ConnectedTextures: mcpatcher/ctm/default/10_glass_purple/glass_purple.properties
[00:50:11] [Client thread/INFO]: [OptiFine] ConnectedTextures: mcpatcher/ctm/default/11_glass_blue/glass_blue.properties
[00:50:11] [Client thread/INFO]: [OptiFine] ConnectedTextures: mcpatcher/ctm/default/11_glass_blue/glass_pane_blue.properties
[00:50:11] [Client thread/INFO]: [OptiFine] ConnectedTextures: mcpatcher/ctm/default/12_glass_brown/glass_brown.properties
[00:50:11] [Client thread/INFO]: [OptiFine] ConnectedTextures: mcpatcher/ctm/default/12_glass_brown/glass_pane_brown.properties
[00:50:11] [Client thread/INFO]: [OptiFine] ConnectedTextures: mcpatcher/ctm/default/13_glass_green/glass_green.properties
[00:50:11] [Client thread/INFO]: [OptiFine] ConnectedTextures: mcpatcher/ctm/default/13_glass_green/glass_pane_green.properties
[00:50:11] [Client thread/INFO]: [OptiFine] ConnectedTextures: mcpatcher/ctm/default/14_glass_red/glass_pane_red.properties
[00:50:11] [Client thread/INFO]: [OptiFine] ConnectedTextures: mcpatcher/ctm/default/14_glass_red/glass_red.properties
[00:50:11] [Client thread/INFO]: [OptiFine] ConnectedTextures: mcpatcher/ctm/default/15_glass_black/glass_black.properties
[00:50:11] [Client thread/INFO]: [OptiFine] ConnectedTextures: mcpatcher/ctm/default/15_glass_black/glass_pane_black.properties
[00:50:11] [Client thread/INFO]: [OptiFine] ConnectedTextures: mcpatcher/ctm/default/1_glass_orange/glass_orange.properties
[00:50:11] [Client thread/INFO]: [OptiFine] ConnectedTextures: mcpatcher/ctm/default/1_glass_orange/glass_pane_orange.properties
[00:50:11] [Client thread/INFO]: [OptiFine] ConnectedTextures: mcpatcher/ctm/default/2_glass_magenta/glass_magenta.properties
[00:50:11] [Client thread/INFO]: [OptiFine] ConnectedTextures: mcpatcher/ctm/default/2_glass_magenta/glass_pane_magenta.properties
[00:50:11] [Client thread/INFO]: [OptiFine] ConnectedTextures: mcpatcher/ctm/default/3_glass_light_blue/glass_light_blue.properties
[00:50:11] [Client thread/INFO]: [OptiFine] ConnectedTextures: mcpatcher/ctm/default/3_glass_light_blue/glass_pane_light_blue.properties
[00:50:11] [Client thread/INFO]: [OptiFine] ConnectedTextures: mcpatcher/ctm/default/4_glass_yellow/glass_pane_yellow.properties
[00:50:11] [Client thread/INFO]: [OptiFine] ConnectedTextures: mcpatcher/ctm/default/4_glass_yellow/glass_yellow.properties
[00:50:11] [Client thread/INFO]: [OptiFine] ConnectedTextures: mcpatcher/ctm/default/5_glass_lime/glass_lime.properties
[00:50:11] [Client thread/INFO]: [OptiFine] ConnectedTextures: mcpatcher/ctm/default/5_glass_lime/glass_pane_lime.properties
[00:50:11] [Client thread/INFO]: [OptiFine] ConnectedTextures: mcpatcher/ctm/default/6_glass_pink/glass_pane_pink.properties
[00:50:11] [Client thread/INFO]: [OptiFine] ConnectedTextures: mcpatcher/ctm/default/6_glass_pink/glass_pink.properties
[00:50:11] [Client thread/INFO]: [OptiFine] ConnectedTextures: mcpatcher/ctm/default/7_glass_gray/glass_gray.properties
[00:50:11] [Client thread/INFO]: [OptiFine] ConnectedTextures: mcpatcher/ctm/default/7_glass_gray/glass_pane_gray.properties
[00:50:11] [Client thread/INFO]: [OptiFine] ConnectedTextures: mcpatcher/ctm/default/8_glass_silver/glass_pane_silver.properties
[00:50:11] [Client thread/INFO]: [OptiFine] ConnectedTextures: mcpatcher/ctm/default/8_glass_silver/glass_silver.properties
[00:50:11] [Client thread/INFO]: [OptiFine] ConnectedTextures: mcpatcher/ctm/default/9_glass_cyan/glass_cyan.properties
[00:50:11] [Client thread/INFO]: [OptiFine] ConnectedTextures: mcpatcher/ctm/default/9_glass_cyan/glass_pane_cyan.properties
[00:50:11] [Client thread/INFO]: [OptiFine] ConnectedTextures: mcpatcher/ctm/default/bookshelf.properties
[00:50:11] [Client thread/INFO]: [OptiFine] ConnectedTextures: mcpatcher/ctm/default/glass.properties
[00:50:11] [Client thread/INFO]: [OptiFine] ConnectedTextures: mcpatcher/ctm/default/glasspane.properties
[00:50:11] [Client thread/INFO]: [OptiFine] ConnectedTextures: mcpatcher/ctm/default/sandstone.properties
[00:50:11] [Client thread/INFO]: [OptiFine] Multipass connected textures: false
[00:50:11] [Client thread/INFO]: [OptiFine] BetterGrass: Parsing default configuration optifine/bettergrass.properties
[00:50:12] [Client thread/INFO]: Created: 1024x512 textures-atlas
[00:50:12] [Client thread/INFO]: [OptiFine] Animated sprites: 11
[00:50:12] [Client thread/INFO]: [OptiFine] (Reflector) Class not present: net.minecraftforge.client.model.ModelLoader
[00:50:12] [Client thread/INFO]: [OptiFine] (Reflector) Class not present: net.minecraftforge.client.ItemModelMesherForge
[00:50:12] [Client thread/INFO]: [OptiFine] (Reflector) Class not present: net.minecraftforge.fml.client.registry.RenderingRegistry
[00:50:13] [Client thread/INFO]: [OptiFine] (Reflector) Class not present: net.minecraftforge.common.ForgeModContainer
[00:50:14] [Client thread/INFO]: Loading library 'LinkAPI' from: C:\Users\BALTAP~1.O\AppData\Local\Temp\MumbleLink406173074674299845native
[00:50:14] [Client thread/INFO]: loaded and active
[00:50:15] [Client thread/INFO]: [OptiFine] *** Reloading custom textures ***
[00:50:15] [Client thread/INFO]: [OptiFine] Enable face culling: acacia_leaves, birch_leaves, dark_oak_leaves, jungle_leaves, oak_leaves, spruce_leaves
[00:50:37] [Client thread/INFO]: [OptiFine] (Reflector) Class not present: net.minecraftforge.fml.client.FMLClientHandler
[00:50:37] [Client thread/INFO]: Connecting to mc.universocraft.net, 25565
[00:50:38] [Client thread/INFO]: [CHAT] Cuenta » ¡Inicia sesión! /login <tucontraseña>
[00:50:38] [Client thread/INFO]: [OptiFine] (Reflector) Class not present: net.minecraftforge.event.world.WorldEvent$Load
[00:50:38] [Client thread/INFO]: [OptiFine] (Reflector) Class not present: mods.betterfoliage.client.BetterFoliageClient
[00:50:38] [Client thread/INFO]: [OptiFine] (Reflector) Class not present: net.minecraftforge.client.event.EntityViewRenderEvent$FogColors
[00:50:38] [Client thread/INFO]: [OptiFine] (Reflector) Class not present: net.minecraftforge.client.event.EntityViewRenderEvent$CameraSetup
[00:50:38] [Client thread/INFO]: [OptiFine] (Reflector) Method not present: net.minecraft.world.WorldProvider.getSkyRenderer
[00:50:38] [Client thread/INFO]: [OptiFine] (Reflector) Method not present: net.minecraft.world.WorldProvider.getCloudRenderer
[00:50:38] [Client thread/INFO]: [OptiFine] (Reflector) Class not present: net.minecraftforge.client.MinecraftForgeClient
[00:50:38] [Client thread/INFO]: [OptiFine] (Reflector) Method not present: net.minecraft.world.WorldProvider.getWeatherRenderer
[00:50:39] [Chunk Batcher 1/INFO]: [OptiFine] (Reflector) Method not present: net.minecraft.block.Block.canRenderInLayer
[00:50:39] [Chunk Batcher 1/INFO]: [OptiFine] (Reflector) Method not present: net.minecraft.block.Block.hasTileEntity
[00:50:39] [Client thread/INFO]: [OptiFine] (Reflector) Class not present: net.minecraftforge.client.model.IColoredBakedQuad
[00:50:39] [Client thread/INFO]: [OptiFine] (Reflector) Method not present: net.minecraft.entity.Entity.shouldRenderInPass
[00:50:39] [Client thread/INFO]: [OptiFine] (Reflector) Method not present: net.minecraft.tileentity.TileEntity.shouldRenderInPass
[00:50:39] [Client thread/INFO]: [OptiFine] (Reflector) Method not present: net.minecraft.tileentity.TileEntity.hasFastRenderer
[00:50:44] [Client thread/INFO]: [CHAT] Cuenta » Has iniciado sesión correctamente.
[00:50:44] [Client thread/INFO]: [OptiFine] (Reflector) Method not present: net.minecraft.item.Item.showDurabilityBar
[00:51:14] [Client thread/INFO]: [CHAT] [★] ¡Nunca digas o compartas la contraseña de tu cuenta a nadie! (tampoco a tus amigos).
[00:52:16] [Client thread/INFO]: [OptiFine] (Reflector) Method not present: net.minecraft.item.Item.getModel
[00:52:22] [Chunk Batcher 1/INFO]: [OptiFine] (Reflector) Method not present: net.minecraft.world.biome.BiomeGenBase.getWaterColorMultiplier
[00:52:23] [Client thread/INFO]: [OptiFine] (Reflector) Class not present: net.minecraftforge.client.event.RenderLivingEvent$Pre
[00:52:23] [Client thread/INFO]: [OptiFine] (Reflector) Method not present: net.minecraft.entity.Entity.shouldRiderSit
[00:52:23] [Client thread/INFO]: [OptiFine] (Reflector) Class not present: net.minecraftforge.client.event.RenderLivingEvent$Specials$Pre
[00:52:23] [Client thread/INFO]: [OptiFine] (Reflector) Class not present: net.minecraftforge.client.event.RenderLivingEvent$Specials$Post
[00:52:23] [Client thread/INFO]: [OptiFine] (Reflector) Class not present: net.minecraftforge.client.event.RenderLivingEvent$Post
[00:52:26] [Client thread/INFO]: [OptiFine] (Reflector) Method not present: net.minecraft.entity.Entity.canRiderInteract
[00:52:26] [Chunk Batcher 1/INFO]: [OptiFine] (Reflector) Method not present: net.minecraft.block.Block.getExtendedState
[00:53:14] [Client thread/INFO]: [CHAT] [★] Así quedaría un rango en tu cuenta: [Sat] FNAF_G_FREDDY [Mer] FNAF_G_FREDDY [Nep] FNAF_G_FREDDY [Jup] FNAF_G_FREDDY Cómpralo ahora en: tienda.universocraft.com
[00:54:13] [Client thread/INFO]: Stopping!
[00:54:13] [Client thread/INFO]: SoundSystem shutting down...
[00:54:14] [Client thread/WARN]: Author: Paul Lamb, www.paulscode.com
